[2024-03-08 04:00:57] local.ERROR: Invalid key supplied {"userId":1,"exception":"[object] (LogicException(code: 0): Invalid key supplied at D:\\Projects During BMS\\Money-Management-Application\\backend\\vendor\\league\\oauth2-server\\src\\CryptKey.php:67)
[stacktrace]
#0 D:\\Projects During BMS\\Money-Management-Application\\backend\\vendor\\laravel\\passport\\src\\PassportServiceProvider.php(275): League\\OAuth2\\Server\\CryptKey->__construct('file://D:\\\\Proje...', NULL, false)
#1 D:\\Projects During BMS\\Money-Management-Application\\backend\\vendor\\laravel\\passport\\src\\PassportServiceProvider.php(214): Laravel\\Passport\\PassportServiceProvider->makeCryptKey('private')
#2 D:\\Projects During BMS\\Money-Management-Application\\backend\\vendor\\laravel\\passport\\src\\PassportServiceProvider.php(104): Laravel\\Passport\\PassportServiceProvider->makeAuthorizationServer()
#3 D:\\Projects During BMS\\Money-Management-Application\\backend\\vendor\\laravel\\framework\\src\\Illuminate\\Container\\Container.php(885): Laravel\\Passport\\PassportServiceProvider->Laravel\\Passport\\{closure}(Object(Illuminate\\Foundation\\Application), Array)
#4 D:\\Projects During BMS\\Money-Management-Application\\backend\\vendor\\laravel\\framework\\src\\Illuminate\\Container\\Container.php(770): Illuminate\\Container\\Container->build(Object(Closure))
#5 D:\\Projects During BMS\\Money-Management-Application\\backend\\vendor\\laravel\\framework\\src\\Illuminate\\Foundation\\Application.php(856): Illuminate\\Container\\Container->resolve('League\\\\OAuth2\\\\S...', Array, true)
#6 D:\\Projects During BMS\\Money-Management-Application\\backend\\vendor\\laravel\\framework\\src\\Illuminate\\Container\\Container.php(706): Illuminate\\Foundation\\Application->resolve('League\\\\OAuth2\\\\S...', Array)
#7 D:\\Projects During BMS\\Money-Management-Application\\backend\\vendor\\laravel\\framework\\src\\Illuminate\\Foundation\\Application.php(841): Illuminate\\Container\\Container->make('League\\\\OAuth2\\\\S...', Array)
#8 D:\\Projects During BMS\\Money-Management-Application\\backend\\vendor\\laravel\\framework\\src\\Illuminate\\Container\\Container.php(1043): Illuminate\\Foundation\\Application->make('League\\\\OAuth2\\\\S...')
#9 D:\\Projects During BMS\\Money-Management-Application\\backend\\vendor\\laravel\\framework\\src\\Illuminate\\Container\\Container.php(959): Illuminate\\Container\\Container->resolveClass(Object(ReflectionParameter))
#10 D:\\Projects During BMS\\Money-Management-Application\\backend\\vendor\\laravel\\framework\\src\\Illuminate\\Container\\Container.php(920): Illuminate\\Container\\Container->resolveDependencies(Array)
#11 D:\\Projects During BMS\\Money-Management-Application\\backend\\vendor\\laravel\\framework\\src\\Illuminate\\Container\\Container.php(770): Illuminate\\Container\\Container->build('Laravel\\\\Passpor...')
#12 D:\\Projects During BMS\\Money-Management-Application\\backend\\vendor\\laravel\\framework\\src\\Illuminate\\Foundation\\Application.php(856): Illuminate\\Container\\Container->resolve('Laravel\\\\Passpor...', Array, true)
#13 D:\\Projects During BMS\\Money-Management-Application\\backend\\vendor\\laravel\\framework\\src\\Illuminate\\Container\\Container.php(706): Illuminate\\Foundation\\Application->resolve('Laravel\\\\Passpor...', Array)
#14 D:\\Projects During BMS\\Money-Management-Application\\backend\\vendor\\laravel\\framework\\src\\Illuminate\\Foundation\\Application.php(841): Illuminate\\Container\\Container->make('Laravel\\\\Passpor...', Array)
#15 D:\\Projects During BMS\\Money-Management-Application\\backend\\vendor\\laravel\\passport\\src\\HasApiTokens.php(66): Illuminate\\Foundation\\Application->make('Laravel\\\\Passpor...')
#16 D:\\Projects During BMS\\Money-Management-Application\\backend\\app\\Http\\Controllers\\Api\\Auth\\LoginController.php(27): App\\Models\\User->createToken('admin@gmail.com')
#17 D:\\Projects During BMS\\Money-Management-Application\\backend\\vendor\\laravel\\framework\\src\\Illuminate\\Routing\\Controller.php(54): App\\Http\\Controllers\\Api\\Auth\\LoginController->login(Object(App\\Http\\Requests\\Auth\\LoginRequest))
#18 D:\\Projects During BMS\\Money-Management-Application\\backend\\vendor\\laravel\\framework\\src\\Illuminate\\Routing\\ControllerDispatcher.php(43): Illuminate\\Routing\\Controller->callAction('login', Array)
#19 D:\\Projects During BMS\\Money-Management-Application\\backend\\vendor\\laravel\\framework\\src\\Illuminate\\Routing\\Route.php(260): Illuminate\\Routing\\ControllerDispatcher->dispatch(Object(Illuminate\\Routing\\Route), Object(App\\Http\\Controllers\\Api\\Auth\\LoginController), 'login')
#20 D:\\Projects During BMS\\Money-Management-Application\\backend\\vendor\\laravel\\framework\\src\\Illuminate\\Routing\\Route.php(205): Illuminate\\Routing\\Route->runController()
#21 D:\\Projects During BMS\\Money-Management-Application\\backend\\vendor\\laravel\\framework\\src\\Illuminate\\Routing\\Router.php(798): Illuminate\\Routing\\Route->run()
#22 D:\\Projects During BMS\\Money-Management-Application\\backend\\vendor\\laravel\\framework\\src\\Illuminate\\Pipeline\\Pipeline.php(141): Illuminate\\Routing\\Router->Illuminate\\Routing\\{closure}(Object(Illuminate\\Http\\Request))
#23 D:\\Projects During BMS\\Money-Management-Application\\backend\\vendor\\laravel\\framework\\src\\Illuminate\\Routing\\Middleware\\SubstituteBindings.php(50): Illuminate\\Pipeline\\Pipeline->Illuminate\\Pipeline\\{closure}(Object(Illuminate\\Http\\Request))
#24 D:\\Projects During BMS\\Money-Management-Application\\backend\\vendor\\laravel\\framework\\src\\Illuminate\\Pipeline\\Pipeline.php(180): Illuminate\\Routing\\Middleware\\SubstituteBindings->handle(Object(Illuminate\\Http\\Request), Object(Closure))
#25 D:\\Projects During BMS\\Money-Management-Application\\backend\\vendor\\laravel\\framework\\src\\Illuminate\\Routing\\Middleware\\ThrottleRequests.php(126): Illuminate\\Pipeline\\Pipeline->Illuminate\\Pipeline\\{closure}(Object(Illuminate\\Http\\Request))
#26 D:\\Projects During BMS\\Money-Management-Application\\backend\\vendor\\laravel\\framework\\src\\Illuminate\\Routing\\Middleware\\ThrottleRequests.php(102): Illuminate\\Routing\\Middleware\\ThrottleRequests->handleRequest(Object(Illuminate\\Http\\Request), Object(Closure), Array)
#27 D:\\Projects During BMS\\Money-Management-Application\\backend\\vendor\\laravel\\framework\\src\\Illuminate\\Routing\\Middleware\\ThrottleRequests.php(54): Illuminate\\Routing\\Middleware\\ThrottleRequests->handleRequestUsingNamedLimiter(Object(Illuminate\\Http\\Request), Object(Closure), 'api', Object(Closure))
#28 D:\\Projects During BMS\\Money-Management-Application\\backend\\vendor\\laravel\\framework\\src\\Illuminate\\Pipeline\\Pipeline.php(180): Illuminate\\Routing\\Middleware\\ThrottleRequests->handle(Object(Illuminate\\Http\\Request), Object(Closure), 'api')
#29 D:\\Projects During BMS\\Money-Management-Application\\backend\\vendor\\laravel\\framework\\src\\Illuminate\\Pipeline\\Pipeline.php(116): Illuminate\\Pipeline\\Pipeline->Illuminate\\Pipeline\\{closure}(Object(Illuminate\\Http\\Request))
#30 D:\\Projects During BMS\\Money-Management-Application\\backend\\vendor\\laravel\\framework\\src\\Illuminate\\Routing\\Router.php(799): Illuminate\\Pipeline\\Pipeline->then(Object(Closure))
#31 D:\\Projects During BMS\\Money-Management-Application\\backend\\vendor\\laravel\\framework\\src\\Illuminate\\Routing\\Router.php(776): Illuminate\\Routing\\Router->runRouteWithinStack(Object(Illuminate\\Routing\\Route), Object(Illuminate\\Http\\Request))
#32 D:\\Projects During BMS\\Money-Management-Application\\backend\\vendor\\laravel\\framework\\src\\Illuminate\\Routing\\Router.php(740): Illuminate\\Routing\\Router->runRoute(Object(Illuminate\\Http\\Request), Object(Illuminate\\Routing\\Route))
#33 D:\\Projects During BMS\\Money-Management-Application\\backend\\vendor\\laravel\\framework\\src\\Illuminate\\Routing\\Router.php(729): Illuminate\\Routing\\Router->dispatchToRoute(Object(Illuminate\\Http\\Request))
#34 D:\\Projects During BMS\\Money-Management-Application\\backend\\vendor\\laravel\\framework\\src\\Illuminate\\Foundation\\Http\\Kernel.php(190): Illuminate\\Routing\\Router->dispatch(Object(Illuminate\\Http\\Request))
#35 D:\\Projects During BMS\\Money-Management-Application\\backend\\vendor\\laravel\\framework\\src\\Illuminate\\Pipeline\\Pipeline.php(141): Illuminate\\Foundation\\Http\\Kernel->Illuminate\\Foundation\\Http\\{closure}(Object(Illuminate\\Http\\Request))
#36 D:\\Projects During BMS\\Money-Management-Application\\backend\\vendor\\laravel\\framework\\src\\Illuminate\\Foundation\\Http\\Middleware\\TransformsRequest.php(21): Illuminate\\Pipeline\\Pipeline->Illuminate\\Pipeline\\{closure}(Object(Illuminate\\Http\\Request))
#37 D:\\Projects During BMS\\Money-Management-Application\\backend\\vendor\\laravel\\framework\\src\\Illuminate\\Foundation\\Http\\Middleware\\ConvertEmptyStringsToNull.php(31): Illuminate\\Foundation\\Http\\Middleware\\TransformsRequest->handle(Object(Illuminate\\Http\\Request), Object(Closure))
#38 D:\\Projects During BMS\\Money-Management-Application\\backend\\vendor\\laravel\\framework\\src\\Illuminate\\Pipeline\\Pipeline.php(180): Illuminate\\Foundation\\Http\\Middleware\\ConvertEmptyStringsToNull->handle(Object(Illuminate\\Http\\Request), Object(Closure))
#39 D:\\Projects During BMS\\Money-Management-Application\\backend\\vendor\\laravel\\framework\\src\\Illuminate\\Foundation\\Http\\Middleware\\TransformsRequest.php(21): Illuminate\\Pipeline\\Pipeline->Illuminate\\Pipeline\\{closure}(Object(Illuminate\\Http\\Request))
#40 D:\\Projects During BMS\\Money-Management-Application\\backend\\vendor\\laravel\\framework\\src\\Illuminate\\Foundation\\Http\\Middleware\\TrimStrings.php(40): Illuminate\\Foundation\\Http\\Middleware\\TransformsRequest->handle(Object(Illuminate\\Http\\Request), Object(Closure))
#41 D:\\Projects During BMS\\Money-Management-Application\\backend\\vendor\\laravel\\framework\\src\\Illuminate\\Pipeline\\Pipeline.php(180): Illuminate\\Foundation\\Http\\Middleware\\TrimStrings->handle(Object(Illuminate\\Http\\Request), Object(Closure))
#42 D:\\Projects During BMS\\Money-Management-Application\\backend\\vendor\\laravel\\framework\\src\\Illuminate\\Foundation\\Http\\Middleware\\ValidatePostSize.php(27): Illuminate\\Pipeline\\Pipeline->Illuminate\\Pipeline\\{closure}(Object(Illuminate\\Http\\Request))
#43 D:\\Projects During BMS\\Money-Management-Application\\backend\\vendor\\laravel\\framework\\src\\Illuminate\\Pipeline\\Pipeline.php(180): Illuminate\\Foundation\\Http\\Middleware\\ValidatePostSize->handle(Object(Illuminate\\Http\\Request), Object(Closure))
#44 D:\\Projects During BMS\\Money-Management-Application\\backend\\vendor\\laravel\\framework\\src\\Illuminate\\Foundation\\Http\\Middleware\\PreventRequestsDuringMaintenance.php(86): Illuminate\\Pipeline\\Pipeline->Illuminate\\Pipeline\\{closure}(Object(Illuminate\\Http\\Request))
#45 D:\\Projects During BMS\\Money-Management-Application\\backend\\vendor\\laravel\\framework\\src\\Illuminate\\Pipeline\\Pipeline.php(180): Illuminate\\Foundation\\Http\\Middleware\\PreventRequestsDuringMaintenance->handle(Object(Illuminate\\Http\\Request), Object(Closure))
#46 D:\\Projects During BMS\\Money-Management-Application\\backend\\vendor\\laravel\\framework\\src\\Illuminate\\Http\\Middleware\\HandleCors.php(62): Illuminate\\Pipeline\\Pipeline->Illuminate\\Pipeline\\{closure}(Object(Illuminate\\Http\\Request))
#47 D:\\Projects During BMS\\Money-Management-Application\\backend\\vendor\\laravel\\framework\\src\\Illuminate\\Pipeline\\Pipeline.php(180): Illuminate\\Http\\Middleware\\HandleCors->handle(Object(Illuminate\\Http\\Request), Object(Closure))
#48 D:\\Projects During BMS\\Money-Management-Application\\backend\\vendor\\laravel\\framework\\src\\Illuminate\\Http\\Middleware\\TrustProxies.php(39): Illuminate\\Pipeline\\Pipeline->Illuminate\\Pipeline\\{closure}(Object(Illuminate\\Http\\Request))
#49 D:\\Projects During BMS\\Money-Management-Application\\backend\\vendor\\laravel\\framework\\src\\Illuminate\\Pipeline\\Pipeline.php(180): Illuminate\\Http\\Middleware\\TrustProxies->handle(Object(Illuminate\\Http\\Request), Object(Closure))
#50 D:\\Projects During BMS\\Money-Management-Application\\backend\\vendor\\laravel\\framework\\src\\Illuminate\\Pipeline\\Pipeline.php(116): Illuminate\\Pipeline\\Pipeline->Illuminate\\Pipeline\\{closure}(Object(Illuminate\\Http\\Request))
#51 D:\\Projects During BMS\\Money-Management-Application\\backend\\vendor\\laravel\\framework\\src\\Illuminate\\Foundation\\Http\\Kernel.php(165): Illuminate\\Pipeline\\Pipeline->then(Object(Closure))
#52 D:\\Projects During BMS\\Money-Management-Application\\backend\\vendor\\laravel\\framework\\src\\Illuminate\\Foundation\\Http\\Kernel.php(134): Illuminate\\Foundation\\Http\\Kernel->sendRequestThroughRouter(Object(Illuminate\\Http\\Request))
#53 D:\\Projects During BMS\\Money-Management-Application\\backend\\public\\index.php(52): Illuminate\\Foundation\\Http\\Kernel->handle(Object(Illuminate\\Http\\Request))
#54 D:\\Projects During BMS\\Money-Management-Application\\backend\\vendor\\laravel\\framework\\src\\Illuminate\\Foundation\\resources\\server.php(16): require_once('D:\\\\Projects Dur...')
#55 {main}
"} 
[2024-03-08 04:00:57] local.ERROR: Invalid key supplied  
[2024-03-08 04:00:57] local.ERROR: 0  
[2024-03-08 04:00:57] local.ERROR: #0 D:\Projects During BMS\Money-Management-Application\backend\vendor\laravel\passport\src\PassportServiceProvider.php(275): League\OAuth2\Server\CryptKey->__construct('file://D:\\Proje...', NULL, false)
#1 D:\Projects During BMS\Money-Management-Application\backend\vendor\laravel\passport\src\PassportServiceProvider.php(214): Laravel\Passport\PassportServiceProvider->makeCryptKey('private')
#2 D:\Projects During BMS\Money-Management-Application\backend\vendor\laravel\passport\src\PassportServiceProvider.php(104): Laravel\Passport\PassportServiceProvider->makeAuthorizationServer()
#3 D:\Projects During BMS\Money-Management-Application\backend\vendor\laravel\framework\src\Illuminate\Container\Container.php(885): Laravel\Passport\PassportServiceProvider->Laravel\Passport\{closure}(Object(Illuminate\Foundation\Application), Array)
#4 D:\Projects During BMS\Money-Management-Application\backend\vendor\laravel\framework\src\Illuminate\Container\Container.php(770): Illuminate\Container\Container->build(Object(Closure))
#5 D:\Projects During BMS\Money-Management-Application\backend\vendor\laravel\framework\src\Illuminate\Foundation\Application.php(856): Illuminate\Container\Container->resolve('League\\OAuth2\\S...', Array, true)
#6 D:\Projects During BMS\Money-Management-Application\backend\vendor\laravel\framework\src\Illuminate\Container\Container.php(706): Illuminate\Foundation\Application->resolve('League\\OAuth2\\S...', Array)
#7 D:\Projects During BMS\Money-Management-Application\backend\vendor\laravel\framework\src\Illuminate\Foundation\Application.php(841): Illuminate\Container\Container->make('League\\OAuth2\\S...', Array)
#8 D:\Projects During BMS\Money-Management-Application\backend\vendor\laravel\framework\src\Illuminate\Container\Container.php(1043): Illuminate\Foundation\Application->make('League\\OAuth2\\S...')
#9 D:\Projects During BMS\Money-Management-Application\backend\vendor\laravel\framework\src\Illuminate\Container\Container.php(959): Illuminate\Container\Container->resolveClass(Object(ReflectionParameter))
#10 D:\Projects During BMS\Money-Management-Application\backend\vendor\laravel\framework\src\Illuminate\Container\Container.php(920): Illuminate\Container\Container->resolveDependencies(Array)
#11 D:\Projects During BMS\Money-Management-Application\backend\vendor\laravel\framework\src\Illuminate\Container\Container.php(770): Illuminate\Container\Container->build('Laravel\\Passpor...')
#12 D:\Projects During BMS\Money-Management-Application\backend\vendor\laravel\framework\src\Illuminate\Foundation\Application.php(856): Illuminate\Container\Container->resolve('Laravel\\Passpor...', Array, true)
#13 D:\Projects During BMS\Money-Management-Application\backend\vendor\laravel\framework\src\Illuminate\Container\Container.php(706): Illuminate\Foundation\Application->resolve('Laravel\\Passpor...', Array)
#14 D:\Projects During BMS\Money-Management-Application\backend\vendor\laravel\framework\src\Illuminate\Foundation\Application.php(841): Illuminate\Container\Container->make('Laravel\\Passpor...', Array)
#15 D:\Projects During BMS\Money-Management-Application\backend\vendor\laravel\passport\src\HasApiTokens.php(66): Illuminate\Foundation\Application->make('Laravel\\Passpor...')
#16 D:\Projects During BMS\Money-Management-Application\backend\app\Http\Controllers\Api\Auth\LoginController.php(27): App\Models\User->createToken('admin@gmail.com')
#17 D:\Projects During BMS\Money-Management-Application\backend\vendor\laravel\framework\src\Illuminate\Routing\Controller.php(54): App\Http\Controllers\Api\Auth\LoginController->login(Object(App\Http\Requests\Auth\LoginRequest))
#18 D:\Projects During BMS\Money-Management-Application\backend\vendor\laravel\framework\src\Illuminate\Routing\ControllerDispatcher.php(43): Illuminate\Routing\Controller->callAction('login', Array)
#19 D:\Projects During BMS\Money-Management-Application\backend\vendor\laravel\framework\src\Illuminate\Routing\Route.php(260): Illuminate\Routing\ControllerDispatcher->dispatch(Object(Illuminate\Routing\Route), Object(App\Http\Controllers\Api\Auth\LoginController), 'login')
#20 D:\Projects During BMS\Money-Management-Application\backend\vendor\laravel\framework\src\Illuminate\Routing\Route.php(205): Illuminate\Routing\Route->runController()
#21 D:\Projects During BMS\Money-Management-Application\backend\vendor\laravel\framework\src\Illuminate\Routing\Router.php(798): Illuminate\Routing\Route->run()
#22 D:\Projects During BMS\Money-Management-Application\backend\vendor\laravel\framework\src\Illuminate\Pipeline\Pipeline.php(141): Illuminate\Routing\Router->Illuminate\Routing\{closure}(Object(Illuminate\Http\Request))
#23 D:\Projects During BMS\Money-Management-Application\backend\vendor\laravel\framework\src\Illuminate\Routing\Middleware\SubstituteBindings.php(50): Illuminate\Pipeline\Pipeline->Illuminate\Pipeline\{closure}(Object(Illuminate\Http\Request))
#24 D:\Projects During BMS\Money-Management-Application\backend\vendor\laravel\framework\src\Illuminate\Pipeline\Pipeline.php(180): Illuminate\Routing\Middleware\SubstituteBindings->handle(Object(Illuminate\Http\Request), Object(Closure))
#25 D:\Projects During BMS\Money-Management-Application\backend\vendor\laravel\framework\src\Illuminate\Routing\Middleware\ThrottleRequests.php(126): Illuminate\Pipeline\Pipeline->Illuminate\Pipeline\{closure}(Object(Illuminate\Http\Request))
#26 D:\Projects During BMS\Money-Management-Application\backend\vendor\laravel\framework\src\Illuminate\Routing\Middleware\ThrottleRequests.php(102): Illuminate\Routing\Middleware\ThrottleRequests->handleRequest(Object(Illuminate\Http\Request), Object(Closure), Array)
#27 D:\Projects During BMS\Money-Management-Application\backend\vendor\laravel\framework\src\Illuminate\Routing\Middleware\ThrottleRequests.php(54): Illuminate\Routing\Middleware\ThrottleRequests->handleRequestUsingNamedLimiter(Object(Illuminate\Http\Request), Object(Closure), 'api', Object(Closure))
#28 D:\Projects During BMS\Money-Management-Application\backend\vendor\laravel\framework\src\Illuminate\Pipeline\Pipeline.php(180): Illuminate\Routing\Middleware\ThrottleRequests->handle(Object(Illuminate\Http\Request), Object(Closure), 'api')
#29 D:\Projects During BMS\Money-Management-Application\backend\vendor\laravel\framework\src\Illuminate\Pipeline\Pipeline.php(116): Illuminate\Pipeline\Pipeline->Illuminate\Pipeline\{closure}(Object(Illuminate\Http\Request))
#30 D:\Projects During BMS\Money-Management-Application\backend\vendor\laravel\framework\src\Illuminate\Routing\Router.php(799): Illuminate\Pipeline\Pipeline->then(Object(Closure))
#31 D:\Projects During BMS\Money-Management-Application\backend\vendor\laravel\framework\src\Illuminate\Routing\Router.php(776): Illuminate\Routing\Router->runRouteWithinStack(Object(Illuminate\Routing\Route), Object(Illuminate\Http\Request))
#32 D:\Projects During BMS\Money-Management-Application\backend\vendor\laravel\framework\src\Illuminate\Routing\Router.php(740): Illuminate\Routing\Router->runRoute(Object(Illuminate\Http\Request), Object(Illuminate\Routing\Route))
#33 D:\Projects During BMS\Money-Management-Application\backend\vendor\laravel\framework\src\Illuminate\Routing\Router.php(729): Illuminate\Routing\Router->dispatchToRoute(Object(Illuminate\Http\Request))
#34 D:\Projects During BMS\Money-Management-Application\backend\vendor\laravel\framework\src\Illuminate\Foundation\Http\Kernel.php(190): Illuminate\Routing\Router->dispatch(Object(Illuminate\Http\Request))
#35 D:\Projects During BMS\Money-Management-Application\backend\vendor\laravel\framework\src\Illuminate\Pipeline\Pipeline.php(141): Illuminate\Foundation\Http\Kernel->Illuminate\Foundation\Http\{closure}(Object(Illuminate\Http\Request))
#36 D:\Projects During BMS\Money-Management-Application\backend\vendor\laravel\framework\src\Illuminate\Foundation\Http\Middleware\TransformsRequest.php(21): Illuminate\Pipeline\Pipeline->Illuminate\Pipeline\{closure}(Object(Illuminate\Http\Request))
#37 D:\Projects During BMS\Money-Management-Application\backend\vendor\laravel\framework\src\Illuminate\Foundation\Http\Middleware\ConvertEmptyStringsToNull.php(31): Illuminate\Foundation\Http\Middleware\TransformsRequest->handle(Object(Illuminate\Http\Request), Object(Closure))
#38 D:\Projects During BMS\Money-Management-Application\backend\vendor\laravel\framework\src\Illuminate\Pipeline\Pipeline.php(180): Illuminate\Foundation\Http\Middleware\ConvertEmptyStringsToNull->handle(Object(Illuminate\Http\Request), Object(Closure))
#39 D:\Projects During BMS\Money-Management-Application\backend\vendor\laravel\framework\src\Illuminate\Foundation\Http\Middleware\TransformsRequest.php(21): Illuminate\Pipeline\Pipeline->Illuminate\Pipeline\{closure}(Object(Illuminate\Http\Request))
#40 D:\Projects During BMS\Money-Management-Application\backend\vendor\laravel\framework\src\Illuminate\Foundation\Http\Middleware\TrimStrings.php(40): Illuminate\Foundation\Http\Middleware\TransformsRequest->handle(Object(Illuminate\Http\Request), Object(Closure))
#41 D:\Projects During BMS\Money-Management-Application\backend\vendor\laravel\framework\src\Illuminate\Pipeline\Pipeline.php(180): Illuminate\Foundation\Http\Middleware\TrimStrings->handle(Object(Illuminate\Http\Request), Object(Closure))
#42 D:\Projects During BMS\Money-Management-Application\backend\vendor\laravel\framework\src\Illuminate\Foundation\Http\Middleware\ValidatePostSize.php(27): Illuminate\Pipeline\Pipeline->Illuminate\Pipeline\{closure}(Object(Illuminate\Http\Request))
#43 D:\Projects During BMS\Money-Management-Application\backend\vendor\laravel\framework\src\Illuminate\Pipeline\Pipeline.php(180): Illuminate\Foundation\Http\Middleware\ValidatePostSize->handle(Object(Illuminate\Http\Request), Object(Closure))
#44 D:\Projects During BMS\Money-Management-Application\backend\vendor\laravel\framework\src\Illuminate\Foundation\Http\Middleware\PreventRequestsDuringMaintenance.php(86): Illuminate\Pipeline\Pipeline->Illuminate\Pipeline\{closure}(Object(Illuminate\Http\Request))
#45 D:\Projects During BMS\Money-Management-Application\backend\vendor\laravel\framework\src\Illuminate\Pipeline\Pipeline.php(180): Illuminate\Foundation\Http\Middleware\PreventRequestsDuringMaintenance->handle(Object(Illuminate\Http\Request), Object(Closure))
#46 D:\Projects During BMS\Money-Management-Application\backend\vendor\laravel\framework\src\Illuminate\Http\Middleware\HandleCors.php(62): Illuminate\Pipeline\Pipeline->Illuminate\Pipeline\{closure}(Object(Illuminate\Http\Request))
#47 D:\Projects During BMS\Money-Management-Application\backend\vendor\laravel\framework\src\Illuminate\Pipeline\Pipeline.php(180): Illuminate\Http\Middleware\HandleCors->handle(Object(Illuminate\Http\Request), Object(Closure))
#48 D:\Projects During BMS\Money-Management-Application\backend\vendor\laravel\framework\src\Illuminate\Http\Middleware\TrustProxies.php(39): Illuminate\Pipeline\Pipeline->Illuminate\Pipeline\{closure}(Object(Illuminate\Http\Request))
#49 D:\Projects During BMS\Money-Management-Application\backend\vendor\laravel\framework\src\Illuminate\Pipeline\Pipeline.php(180): Illuminate\Http\Middleware\TrustProxies->handle(Object(Illuminate\Http\Request), Object(Closure))
#50 D:\Projects During BMS\Money-Management-Application\backend\vendor\laravel\framework\src\Illuminate\Pipeline\Pipeline.php(116): Illuminate\Pipeline\Pipeline->Illuminate\Pipeline\{closure}(Object(Illuminate\Http\Request))
#51 D:\Projects During BMS\Money-Management-Application\backend\vendor\laravel\framework\src\Illuminate\Foundation\Http\Kernel.php(165): Illuminate\Pipeline\Pipeline->then(Object(Closure))
#52 D:\Projects During BMS\Money-Management-Application\backend\vendor\laravel\framework\src\Illuminate\Foundation\Http\Kernel.php(134): Illuminate\Foundation\Http\Kernel->sendRequestThroughRouter(Object(Illuminate\Http\Request))
#53 D:\Projects During BMS\Money-Management-Application\backend\public\index.php(52): Illuminate\Foundation\Http\Kernel->handle(Object(Illuminate\Http\Request))
#54 D:\Projects During BMS\Money-Management-Application\backend\vendor\laravel\framework\src\Illuminate\Foundation\resources\server.php(16): require_once('D:\\Projects Dur...')
#55 {main}  
[2024-03-08 04:00:57] local.ERROR: LogicException: Invalid key supplied in D:\Projects During BMS\Money-Management-Application\backend\vendor\league\oauth2-server\src\CryptKey.php:67
Stack trace:
#0 D:\Projects During BMS\Money-Management-Application\backend\vendor\laravel\passport\src\PassportServiceProvider.php(275): League\OAuth2\Server\CryptKey->__construct('file://D:\\Proje...', NULL, false)
#1 D:\Projects During BMS\Money-Management-Application\backend\vendor\laravel\passport\src\PassportServiceProvider.php(214): Laravel\Passport\PassportServiceProvider->makeCryptKey('private')
#2 D:\Projects During BMS\Money-Management-Application\backend\vendor\laravel\passport\src\PassportServiceProvider.php(104): Laravel\Passport\PassportServiceProvider->makeAuthorizationServer()
#3 D:\Projects During BMS\Money-Management-Application\backend\vendor\laravel\framework\src\Illuminate\Container\Container.php(885): Laravel\Passport\PassportServiceProvider->Laravel\Passport\{closure}(Object(Illuminate\Foundation\Application), Array)
#4 D:\Projects During BMS\Money-Management-Application\backend\vendor\laravel\framework\src\Illuminate\Container\Container.php(770): Illuminate\Container\Container->build(Object(Closure))
#5 D:\Projects During BMS\Money-Management-Application\backend\vendor\laravel\framework\src\Illuminate\Foundation\Application.php(856): Illuminate\Container\Container->resolve('League\\OAuth2\\S...', Array, true)
#6 D:\Projects During BMS\Money-Management-Application\backend\vendor\laravel\framework\src\Illuminate\Container\Container.php(706): Illuminate\Foundation\Application->resolve('League\\OAuth2\\S...', Array)
#7 D:\Projects During BMS\Money-Management-Application\backend\vendor\laravel\framework\src\Illuminate\Foundation\Application.php(841): Illuminate\Container\Container->make('League\\OAuth2\\S...', Array)
#8 D:\Projects During BMS\Money-Management-Application\backend\vendor\laravel\framework\src\Illuminate\Container\Container.php(1043): Illuminate\Foundation\Application->make('League\\OAuth2\\S...')
#9 D:\Projects During BMS\Money-Management-Application\backend\vendor\laravel\framework\src\Illuminate\Container\Container.php(959): Illuminate\Container\Container->resolveClass(Object(ReflectionParameter))
#10 D:\Projects During BMS\Money-Management-Application\backend\vendor\laravel\framework\src\Illuminate\Container\Container.php(920): Illuminate\Container\Container->resolveDependencies(Array)
#11 D:\Projects During BMS\Money-Management-Application\backend\vendor\laravel\framework\src\Illuminate\Container\Container.php(770): Illuminate\Container\Container->build('Laravel\\Passpor...')
#12 D:\Projects During BMS\Money-Management-Application\backend\vendor\laravel\framework\src\Illuminate\Foundation\Application.php(856): Illuminate\Container\Container->resolve('Laravel\\Passpor...', Array, true)
#13 D:\Projects During BMS\Money-Management-Application\backend\vendor\laravel\framework\src\Illuminate\Container\Container.php(706): Illuminate\Foundation\Application->resolve('Laravel\\Passpor...', Array)
#14 D:\Projects During BMS\Money-Management-Application\backend\vendor\laravel\framework\src\Illuminate\Foundation\Application.php(841): Illuminate\Container\Container->make('Laravel\\Passpor...', Array)
#15 D:\Projects During BMS\Money-Management-Application\backend\vendor\laravel\passport\src\HasApiTokens.php(66): Illuminate\Foundation\Application->make('Laravel\\Passpor...')
#16 D:\Projects During BMS\Money-Management-Application\backend\app\Http\Controllers\Api\Auth\LoginController.php(27): App\Models\User->createToken('admin@gmail.com')
#17 D:\Projects During BMS\Money-Management-Application\backend\vendor\laravel\framework\src\Illuminate\Routing\Controller.php(54): App\Http\Controllers\Api\Auth\LoginController->login(Object(App\Http\Requests\Auth\LoginRequest))
#18 D:\Projects During BMS\Money-Management-Application\backend\vendor\laravel\framework\src\Illuminate\Routing\ControllerDispatcher.php(43): Illuminate\Routing\Controller->callAction('login', Array)
#19 D:\Projects During BMS\Money-Management-Application\backend\vendor\laravel\framework\src\Illuminate\Routing\Route.php(260): Illuminate\Routing\ControllerDispatcher->dispatch(Object(Illuminate\Routing\Route), Object(App\Http\Controllers\Api\Auth\LoginController), 'login')
#20 D:\Projects During BMS\Money-Management-Application\backend\vendor\laravel\framework\src\Illuminate\Routing\Route.php(205): Illuminate\Routing\Route->runController()
#21 D:\Projects During BMS\Money-Management-Application\backend\vendor\laravel\framework\src\Illuminate\Routing\Router.php(798): Illuminate\Routing\Route->run()
#22 D:\Projects During BMS\Money-Management-Application\backend\vendor\laravel\framework\src\Illuminate\Pipeline\Pipeline.php(141): Illuminate\Routing\Router->Illuminate\Routing\{closure}(Object(Illuminate\Http\Request))
#23 D:\Projects During BMS\Money-Management-Application\backend\vendor\laravel\framework\src\Illuminate\Routing\Middleware\SubstituteBindings.php(50): Illuminate\Pipeline\Pipeline->Illuminate\Pipeline\{closure}(Object(Illuminate\Http\Request))
#24 D:\Projects During BMS\Money-Management-Application\backend\vendor\laravel\framework\src\Illuminate\Pipeline\Pipeline.php(180): Illuminate\Routing\Middleware\SubstituteBindings->handle(Object(Illuminate\Http\Request), Object(Closure))
#25 D:\Projects During BMS\Money-Management-Application\backend\vendor\laravel\framework\src\Illuminate\Routing\Middleware\ThrottleRequests.php(126): Illuminate\Pipeline\Pipeline->Illuminate\Pipeline\{closure}(Object(Illuminate\Http\Request))
#26 D:\Projects During BMS\Money-Management-Application\backend\vendor\laravel\framework\src\Illuminate\Routing\Middleware\ThrottleRequests.php(102): Illuminate\Routing\Middleware\ThrottleRequests->handleRequest(Object(Illuminate\Http\Request), Object(Closure), Array)
#27 D:\Projects During BMS\Money-Management-Application\backend\vendor\laravel\framework\src\Illuminate\Routing\Middleware\ThrottleRequests.php(54): Illuminate\Routing\Middleware\ThrottleRequests->handleRequestUsingNamedLimiter(Object(Illuminate\Http\Request), Object(Closure), 'api', Object(Closure))
#28 D:\Projects During BMS\Money-Management-Application\backend\vendor\laravel\framework\src\Illuminate\Pipeline\Pipeline.php(180): Illuminate\Routing\Middleware\ThrottleRequests->handle(Object(Illuminate\Http\Request), Object(Closure), 'api')
#29 D:\Projects During BMS\Money-Management-Application\backend\vendor\laravel\framework\src\Illuminate\Pipeline\Pipeline.php(116): Illuminate\Pipeline\Pipeline->Illuminate\Pipeline\{closure}(Object(Illuminate\Http\Request))
#30 D:\Projects During BMS\Money-Management-Application\backend\vendor\laravel\framework\src\Illuminate\Routing\Router.php(799): Illuminate\Pipeline\Pipeline->then(Object(Closure))
#31 D:\Projects During BMS\Money-Management-Application\backend\vendor\laravel\framework\src\Illuminate\Routing\Router.php(776): Illuminate\Routing\Router->runRouteWithinStack(Object(Illuminate\Routing\Route), Object(Illuminate\Http\Request))
#32 D:\Projects During BMS\Money-Management-Application\backend\vendor\laravel\framework\src\Illuminate\Routing\Router.php(740): Illuminate\Routing\Router->runRoute(Object(Illuminate\Http\Request), Object(Illuminate\Routing\Route))
#33 D:\Projects During BMS\Money-Management-Application\backend\vendor\laravel\framework\src\Illuminate\Routing\Router.php(729): Illuminate\Routing\Router->dispatchToRoute(Object(Illuminate\Http\Request))
#34 D:\Projects During BMS\Money-Management-Application\backend\vendor\laravel\framework\src\Illuminate\Foundation\Http\Kernel.php(190): Illuminate\Routing\Router->dispatch(Object(Illuminate\Http\Request))
#35 D:\Projects During BMS\Money-Management-Application\backend\vendor\laravel\framework\src\Illuminate\Pipeline\Pipeline.php(141): Illuminate\Foundation\Http\Kernel->Illuminate\Foundation\Http\{closure}(Object(Illuminate\Http\Request))
#36 D:\Projects During BMS\Money-Management-Application\backend\vendor\laravel\framework\src\Illuminate\Foundation\Http\Middleware\TransformsRequest.php(21): Illuminate\Pipeline\Pipeline->Illuminate\Pipeline\{closure}(Object(Illuminate\Http\Request))
#37 D:\Projects During BMS\Money-Management-Application\backend\vendor\laravel\framework\src\Illuminate\Foundation\Http\Middleware\ConvertEmptyStringsToNull.php(31): Illuminate\Foundation\Http\Middleware\TransformsRequest->handle(Object(Illuminate\Http\Request), Object(Closure))
#38 D:\Projects During BMS\Money-Management-Application\backend\vendor\laravel\framework\src\Illuminate\Pipeline\Pipeline.php(180): Illuminate\Foundation\Http\Middleware\ConvertEmptyStringsToNull->handle(Object(Illuminate\Http\Request), Object(Closure))
#39 D:\Projects During BMS\Money-Management-Application\backend\vendor\laravel\framework\src\Illuminate\Foundation\Http\Middleware\TransformsRequest.php(21): Illuminate\Pipeline\Pipeline->Illuminate\Pipeline\{closure}(Object(Illuminate\Http\Request))
#40 D:\Projects During BMS\Money-Management-Application\backend\vendor\laravel\framework\src\Illuminate\Foundation\Http\Middleware\TrimStrings.php(40): Illuminate\Foundation\Http\Middleware\TransformsRequest->handle(Object(Illuminate\Http\Request), Object(Closure))
#41 D:\Projects During BMS\Money-Management-Application\backend\vendor\laravel\framework\src\Illuminate\Pipeline\Pipeline.php(180): Illuminate\Foundation\Http\Middleware\TrimStrings->handle(Object(Illuminate\Http\Request), Object(Closure))
#42 D:\Projects During BMS\Money-Management-Application\backend\vendor\laravel\framework\src\Illuminate\Foundation\Http\Middleware\ValidatePostSize.php(27): Illuminate\Pipeline\Pipeline->Illuminate\Pipeline\{closure}(Object(Illuminate\Http\Request))
#43 D:\Projects During BMS\Money-Management-Application\backend\vendor\laravel\framework\src\Illuminate\Pipeline\Pipeline.php(180): Illuminate\Foundation\Http\Middleware\ValidatePostSize->handle(Object(Illuminate\Http\Request), Object(Closure))
#44 D:\Projects During BMS\Money-Management-Application\backend\vendor\laravel\framework\src\Illuminate\Foundation\Http\Middleware\PreventRequestsDuringMaintenance.php(86): Illuminate\Pipeline\Pipeline->Illuminate\Pipeline\{closure}(Object(Illuminate\Http\Request))
#45 D:\Projects During BMS\Money-Management-Application\backend\vendor\laravel\framework\src\Illuminate\Pipeline\Pipeline.php(180): Illuminate\Foundation\Http\Middleware\PreventRequestsDuringMaintenance->handle(Object(Illuminate\Http\Request), Object(Closure))
#46 D:\Projects During BMS\Money-Management-Application\backend\vendor\laravel\framework\src\Illuminate\Http\Middleware\HandleCors.php(62): Illuminate\Pipeline\Pipeline->Illuminate\Pipeline\{closure}(Object(Illuminate\Http\Request))
#47 D:\Projects During BMS\Money-Management-Application\backend\vendor\laravel\framework\src\Illuminate\Pipeline\Pipeline.php(180): Illuminate\Http\Middleware\HandleCors->handle(Object(Illuminate\Http\Request), Object(Closure))
#48 D:\Projects During BMS\Money-Management-Application\backend\vendor\laravel\framework\src\Illuminate\Http\Middleware\TrustProxies.php(39): Illuminate\Pipeline\Pipeline->Illuminate\Pipeline\{closure}(Object(Illuminate\Http\Request))
#49 D:\Projects During BMS\Money-Management-Application\backend\vendor\laravel\framework\src\Illuminate\Pipeline\Pipeline.php(180): Illuminate\Http\Middleware\TrustProxies->handle(Object(Illuminate\Http\Request), Object(Closure))
#50 D:\Projects During BMS\Money-Management-Application\backend\vendor\laravel\framework\src\Illuminate\Pipeline\Pipeline.php(116): Illuminate\Pipeline\Pipeline->Illuminate\Pipeline\{closure}(Object(Illuminate\Http\Request))
#51 D:\Projects During BMS\Money-Management-Application\backend\vendor\laravel\framework\src\Illuminate\Foundation\Http\Kernel.php(165): Illuminate\Pipeline\Pipeline->then(Object(Closure))
#52 D:\Projects During BMS\Money-Management-Application\backend\vendor\laravel\framework\src\Illuminate\Foundation\Http\Kernel.php(134): Illuminate\Foundation\Http\Kernel->sendRequestThroughRouter(Object(Illuminate\Http\Request))
#53 D:\Projects During BMS\Money-Management-Application\backend\public\index.php(52): Illuminate\Foundation\Http\Kernel->handle(Object(Illuminate\Http\Request))
#54 D:\Projects During BMS\Money-Management-Application\backend\vendor\laravel\framework\src\Illuminate\Foundation\resources\server.php(16): require_once('D:\\Projects Dur...')
#55 {main}  
[2024-03-08 04:01:25] local.ERROR: No query results for model [App\Models\Media\Media] 39  
[2024-03-08 04:01:25] local.ERROR: 0  
[2024-03-08 04:01:25] local.ERROR: #0 D:\Projects During BMS\Money-Management-Application\backend\vendor\laravel\framework\src\Illuminate\Support\Traits\ForwardsCalls.php(23): Illuminate\Database\Eloquent\Builder->findOrFail('39')
#1 D:\Projects During BMS\Money-Management-Application\backend\vendor\laravel\framework\src\Illuminate\Database\Eloquent\Model.php(2330): Illuminate\Database\Eloquent\Model->forwardCallTo(Object(Illuminate\Database\Eloquent\Builder), 'findOrFail', Array)
#2 D:\Projects During BMS\Money-Management-Application\backend\vendor\laravel\framework\src\Illuminate\Database\Eloquent\Model.php(2342): Illuminate\Database\Eloquent\Model->__call('findOrFail', Array)
#3 D:\Projects During BMS\Money-Management-Application\backend\app\Http\Controllers\Api\Expense\ExpenseController.php(107): Illuminate\Database\Eloquent\Model::__callStatic('findOrFail', Array)
#4 D:\Projects During BMS\Money-Management-Application\backend\vendor\laravel\framework\src\Illuminate\Routing\Controller.php(54): App\Http\Controllers\Api\Expense\ExpenseController->update(Object(App\Http\Requests\Expense\ExpenseUpdateRequest), Object(App\Models\Expense\Expense))
#5 D:\Projects During BMS\Money-Management-Application\backend\vendor\laravel\framework\src\Illuminate\Routing\ControllerDispatcher.php(43): Illuminate\Routing\Controller->callAction('update', Array)
#6 D:\Projects During BMS\Money-Management-Application\backend\vendor\laravel\framework\src\Illuminate\Routing\Route.php(260): Illuminate\Routing\ControllerDispatcher->dispatch(Object(Illuminate\Routing\Route), Object(App\Http\Controllers\Api\Expense\ExpenseController), 'update')
#7 D:\Projects During BMS\Money-Management-Application\backend\vendor\laravel\framework\src\Illuminate\Routing\Route.php(205): Illuminate\Routing\Route->runController()
#8 D:\Projects During BMS\Money-Management-Application\backend\vendor\laravel\framework\src\Illuminate\Routing\Router.php(798): Illuminate\Routing\Route->run()
#9 D:\Projects During BMS\Money-Management-Application\backend\vendor\laravel\framework\src\Illuminate\Pipeline\Pipeline.php(141): Illuminate\Routing\Router->Illuminate\Routing\{closure}(Object(Illuminate\Http\Request))
#10 D:\Projects During BMS\Money-Management-Application\backend\app\Http\Middleware\AuthGates.php(37): Illuminate\Pipeline\Pipeline->Illuminate\Pipeline\{closure}(Object(Illuminate\Http\Request))
#11 D:\Projects During BMS\Money-Management-Application\backend\vendor\laravel\framework\src\Illuminate\Pipeline\Pipeline.php(180): App\Http\Middleware\AuthGates->handle(Object(Illuminate\Http\Request), Object(Closure))
#12 D:\Projects During BMS\Money-Management-Application\backend\vendor\laravel\framework\src\Illuminate\Routing\Middleware\SubstituteBindings.php(50): Illuminate\Pipeline\Pipeline->Illuminate\Pipeline\{closure}(Object(Illuminate\Http\Request))
#13 D:\Projects During BMS\Money-Management-Application\backend\vendor\laravel\framework\src\Illuminate\Pipeline\Pipeline.php(180): Illuminate\Routing\Middleware\SubstituteBindings->handle(Object(Illuminate\Http\Request), Object(Closure))
#14 D:\Projects During BMS\Money-Management-Application\backend\vendor\laravel\framework\src\Illuminate\Routing\Middleware\ThrottleRequests.php(126): Illuminate\Pipeline\Pipeline->Illuminate\Pipeline\{closure}(Object(Illuminate\Http\Request))
#15 D:\Projects During BMS\Money-Management-Application\backend\vendor\laravel\framework\src\Illuminate\Routing\Middleware\ThrottleRequests.php(102): Illuminate\Routing\Middleware\ThrottleRequests->handleRequest(Object(Illuminate\Http\Request), Object(Closure), Array)
#16 D:\Projects During BMS\Money-Management-Application\backend\vendor\laravel\framework\src\Illuminate\Routing\Middleware\ThrottleRequests.php(54): Illuminate\Routing\Middleware\ThrottleRequests->handleRequestUsingNamedLimiter(Object(Illuminate\Http\Request), Object(Closure), 'api', Object(Closure))
#17 D:\Projects During BMS\Money-Management-Application\backend\vendor\laravel\framework\src\Illuminate\Pipeline\Pipeline.php(180): Illuminate\Routing\Middleware\ThrottleRequests->handle(Object(Illuminate\Http\Request), Object(Closure), 'api')
#18 D:\Projects During BMS\Money-Management-Application\backend\vendor\laravel\framework\src\Illuminate\Auth\Middleware\Authenticate.php(44): Illuminate\Pipeline\Pipeline->Illuminate\Pipeline\{closure}(Object(Illuminate\Http\Request))
#19 D:\Projects During BMS\Money-Management-Application\backend\vendor\laravel\framework\src\Illuminate\Pipeline\Pipeline.php(180): Illuminate\Auth\Middleware\Authenticate->handle(Object(Illuminate\Http\Request), Object(Closure), 'api')
#20 D:\Projects During BMS\Money-Management-Application\backend\vendor\laravel\framework\src\Illuminate\Pipeline\Pipeline.php(116): Illuminate\Pipeline\Pipeline->Illuminate\Pipeline\{closure}(Object(Illuminate\Http\Request))
#21 D:\Projects During BMS\Money-Management-Application\backend\vendor\laravel\framework\src\Illuminate\Routing\Router.php(799): Illuminate\Pipeline\Pipeline->then(Object(Closure))
#22 D:\Projects During BMS\Money-Management-Application\backend\vendor\laravel\framework\src\Illuminate\Routing\Router.php(776): Illuminate\Routing\Router->runRouteWithinStack(Object(Illuminate\Routing\Route), Object(Illuminate\Http\Request))
#23 D:\Projects During BMS\Money-Management-Application\backend\vendor\laravel\framework\src\Illuminate\Routing\Router.php(740): Illuminate\Routing\Router->runRoute(Object(Illuminate\Http\Request), Object(Illuminate\Routing\Route))
#24 D:\Projects During BMS\Money-Management-Application\backend\vendor\laravel\framework\src\Illuminate\Routing\Router.php(729): Illuminate\Routing\Router->dispatchToRoute(Object(Illuminate\Http\Request))
#25 D:\Projects During BMS\Money-Management-Application\backend\vendor\laravel\framework\src\Illuminate\Foundation\Http\Kernel.php(190): Illuminate\Routing\Router->dispatch(Object(Illuminate\Http\Request))
#26 D:\Projects During BMS\Money-Management-Application\backend\vendor\laravel\framework\src\Illuminate\Pipeline\Pipeline.php(141): Illuminate\Foundation\Http\Kernel->Illuminate\Foundation\Http\{closure}(Object(Illuminate\Http\Request))
#27 D:\Projects During BMS\Money-Management-Application\backend\vendor\laravel\framework\src\Illuminate\Foundation\Http\Middleware\TransformsRequest.php(21): Illuminate\Pipeline\Pipeline->Illuminate\Pipeline\{closure}(Object(Illuminate\Http\Request))
#28 D:\Projects During BMS\Money-Management-Application\backend\vendor\laravel\framework\src\Illuminate\Foundation\Http\Middleware\ConvertEmptyStringsToNull.php(31): Illuminate\Foundation\Http\Middleware\TransformsRequest->handle(Object(Illuminate\Http\Request), Object(Closure))
#29 D:\Projects During BMS\Money-Management-Application\backend\vendor\laravel\framework\src\Illuminate\Pipeline\Pipeline.php(180): Illuminate\Foundation\Http\Middleware\ConvertEmptyStringsToNull->handle(Object(Illuminate\Http\Request), Object(Closure))
#30 D:\Projects During BMS\Money-Management-Application\backend\vendor\laravel\framework\src\Illuminate\Foundation\Http\Middleware\TransformsRequest.php(21): Illuminate\Pipeline\Pipeline->Illuminate\Pipeline\{closure}(Object(Illuminate\Http\Request))
#31 D:\Projects During BMS\Money-Management-Application\backend\vendor\laravel\framework\src\Illuminate\Foundation\Http\Middleware\TrimStrings.php(40): Illuminate\Foundation\Http\Middleware\TransformsRequest->handle(Object(Illuminate\Http\Request), Object(Closure))
#32 D:\Projects During BMS\Money-Management-Application\backend\vendor\laravel\framework\src\Illuminate\Pipeline\Pipeline.php(180): Illuminate\Foundation\Http\Middleware\TrimStrings->handle(Object(Illuminate\Http\Request), Object(Closure))
#33 D:\Projects During BMS\Money-Management-Application\backend\vendor\laravel\framework\src\Illuminate\Foundation\Http\Middleware\ValidatePostSize.php(27): Illuminate\Pipeline\Pipeline->Illuminate\Pipeline\{closure}(Object(Illuminate\Http\Request))
#34 D:\Projects During BMS\Money-Management-Application\backend\vendor\laravel\framework\src\Illuminate\Pipeline\Pipeline.php(180): Illuminate\Foundation\Http\Middleware\ValidatePostSize->handle(Object(Illuminate\Http\Request), Object(Closure))
#35 D:\Projects During BMS\Money-Management-Application\backend\vendor\laravel\framework\src\Illuminate\Foundation\Http\Middleware\PreventRequestsDuringMaintenance.php(86): Illuminate\Pipeline\Pipeline->Illuminate\Pipeline\{closure}(Object(Illuminate\Http\Request))
#36 D:\Projects During BMS\Money-Management-Application\backend\vendor\laravel\framework\src\Illuminate\Pipeline\Pipeline.php(180): Illuminate\Foundation\Http\Middleware\PreventRequestsDuringMaintenance->handle(Object(Illuminate\Http\Request), Object(Closure))
#37 D:\Projects During BMS\Money-Management-Application\backend\vendor\laravel\framework\src\Illuminate\Http\Middleware\HandleCors.php(62): Illuminate\Pipeline\Pipeline->Illuminate\Pipeline\{closure}(Object(Illuminate\Http\Request))
#38 D:\Projects During BMS\Money-Management-Application\backend\vendor\laravel\framework\src\Illuminate\Pipeline\Pipeline.php(180): Illuminate\Http\Middleware\HandleCors->handle(Object(Illuminate\Http\Request), Object(Closure))
#39 D:\Projects During BMS\Money-Management-Application\backend\vendor\laravel\framework\src\Illuminate\Http\Middleware\TrustProxies.php(39): Illuminate\Pipeline\Pipeline->Illuminate\Pipeline\{closure}(Object(Illuminate\Http\Request))
#40 D:\Projects During BMS\Money-Management-Application\backend\vendor\laravel\framework\src\Illuminate\Pipeline\Pipeline.php(180): Illuminate\Http\Middleware\TrustProxies->handle(Object(Illuminate\Http\Request), Object(Closure))
#41 D:\Projects During BMS\Money-Management-Application\backend\vendor\laravel\framework\src\Illuminate\Pipeline\Pipeline.php(116): Illuminate\Pipeline\Pipeline->Illuminate\Pipeline\{closure}(Object(Illuminate\Http\Request))
#42 D:\Projects During BMS\Money-Management-Application\backend\vendor\laravel\framework\src\Illuminate\Foundation\Http\Kernel.php(165): Illuminate\Pipeline\Pipeline->then(Object(Closure))
#43 D:\Projects During BMS\Money-Management-Application\backend\vendor\laravel\framework\src\Illuminate\Foundation\Http\Kernel.php(134): Illuminate\Foundation\Http\Kernel->sendRequestThroughRouter(Object(Illuminate\Http\Request))
#44 D:\Projects During BMS\Money-Management-Application\backend\public\index.php(52): Illuminate\Foundation\Http\Kernel->handle(Object(Illuminate\Http\Request))
#45 D:\Projects During BMS\Money-Management-Application\backend\vendor\laravel\framework\src\Illuminate\Foundation\resources\server.php(16): require_once('D:\\Projects Dur...')
#46 {main}  
[2024-03-08 04:01:25] local.ERROR: Illuminate\Database\Eloquent\ModelNotFoundException: No query results for model [App\Models\Media\Media] 39 in D:\Projects During BMS\Money-Management-Application\backend\vendor\laravel\framework\src\Illuminate\Database\Eloquent\Builder.php:489
Stack trace:
#0 D:\Projects During BMS\Money-Management-Application\backend\vendor\laravel\framework\src\Illuminate\Support\Traits\ForwardsCalls.php(23): Illuminate\Database\Eloquent\Builder->findOrFail('39')
#1 D:\Projects During BMS\Money-Management-Application\backend\vendor\laravel\framework\src\Illuminate\Database\Eloquent\Model.php(2330): Illuminate\Database\Eloquent\Model->forwardCallTo(Object(Illuminate\Database\Eloquent\Builder), 'findOrFail', Array)
#2 D:\Projects During BMS\Money-Management-Application\backend\vendor\laravel\framework\src\Illuminate\Database\Eloquent\Model.php(2342): Illuminate\Database\Eloquent\Model->__call('findOrFail', Array)
#3 D:\Projects During BMS\Money-Management-Application\backend\app\Http\Controllers\Api\Expense\ExpenseController.php(107): Illuminate\Database\Eloquent\Model::__callStatic('findOrFail', Array)
#4 D:\Projects During BMS\Money-Management-Application\backend\vendor\laravel\framework\src\Illuminate\Routing\Controller.php(54): App\Http\Controllers\Api\Expense\ExpenseController->update(Object(App\Http\Requests\Expense\ExpenseUpdateRequest), Object(App\Models\Expense\Expense))
#5 D:\Projects During BMS\Money-Management-Application\backend\vendor\laravel\framework\src\Illuminate\Routing\ControllerDispatcher.php(43): Illuminate\Routing\Controller->callAction('update', Array)
#6 D:\Projects During BMS\Money-Management-Application\backend\vendor\laravel\framework\src\Illuminate\Routing\Route.php(260): Illuminate\Routing\ControllerDispatcher->dispatch(Object(Illuminate\Routing\Route), Object(App\Http\Controllers\Api\Expense\ExpenseController), 'update')
#7 D:\Projects During BMS\Money-Management-Application\backend\vendor\laravel\framework\src\Illuminate\Routing\Route.php(205): Illuminate\Routing\Route->runController()
#8 D:\Projects During BMS\Money-Management-Application\backend\vendor\laravel\framework\src\Illuminate\Routing\Router.php(798): Illuminate\Routing\Route->run()
#9 D:\Projects During BMS\Money-Management-Application\backend\vendor\laravel\framework\src\Illuminate\Pipeline\Pipeline.php(141): Illuminate\Routing\Router->Illuminate\Routing\{closure}(Object(Illuminate\Http\Request))
#10 D:\Projects During BMS\Money-Management-Application\backend\app\Http\Middleware\AuthGates.php(37): Illuminate\Pipeline\Pipeline->Illuminate\Pipeline\{closure}(Object(Illuminate\Http\Request))
#11 D:\Projects During BMS\Money-Management-Application\backend\vendor\laravel\framework\src\Illuminate\Pipeline\Pipeline.php(180): App\Http\Middleware\AuthGates->handle(Object(Illuminate\Http\Request), Object(Closure))
#12 D:\Projects During BMS\Money-Management-Application\backend\vendor\laravel\framework\src\Illuminate\Routing\Middleware\SubstituteBindings.php(50): Illuminate\Pipeline\Pipeline->Illuminate\Pipeline\{closure}(Object(Illuminate\Http\Request))
#13 D:\Projects During BMS\Money-Management-Application\backend\vendor\laravel\framework\src\Illuminate\Pipeline\Pipeline.php(180): Illuminate\Routing\Middleware\SubstituteBindings->handle(Object(Illuminate\Http\Request), Object(Closure))
#14 D:\Projects During BMS\Money-Management-Application\backend\vendor\laravel\framework\src\Illuminate\Routing\Middleware\ThrottleRequests.php(126): Illuminate\Pipeline\Pipeline->Illuminate\Pipeline\{closure}(Object(Illuminate\Http\Request))
#15 D:\Projects During BMS\Money-Management-Application\backend\vendor\laravel\framework\src\Illuminate\Routing\Middleware\ThrottleRequests.php(102): Illuminate\Routing\Middleware\ThrottleRequests->handleRequest(Object(Illuminate\Http\Request), Object(Closure), Array)
#16 D:\Projects During BMS\Money-Management-Application\backend\vendor\laravel\framework\src\Illuminate\Routing\Middleware\ThrottleRequests.php(54): Illuminate\Routing\Middleware\ThrottleRequests->handleRequestUsingNamedLimiter(Object(Illuminate\Http\Request), Object(Closure), 'api', Object(Closure))
#17 D:\Projects During BMS\Money-Management-Application\backend\vendor\laravel\framework\src\Illuminate\Pipeline\Pipeline.php(180): Illuminate\Routing\Middleware\ThrottleRequests->handle(Object(Illuminate\Http\Request), Object(Closure), 'api')
#18 D:\Projects During BMS\Money-Management-Application\backend\vendor\laravel\framework\src\Illuminate\Auth\Middleware\Authenticate.php(44): Illuminate\Pipeline\Pipeline->Illuminate\Pipeline\{closure}(Object(Illuminate\Http\Request))
#19 D:\Projects During BMS\Money-Management-Application\backend\vendor\laravel\framework\src\Illuminate\Pipeline\Pipeline.php(180): Illuminate\Auth\Middleware\Authenticate->handle(Object(Illuminate\Http\Request), Object(Closure), 'api')
#20 D:\Projects During BMS\Money-Management-Application\backend\vendor\laravel\framework\src\Illuminate\Pipeline\Pipeline.php(116): Illuminate\Pipeline\Pipeline->Illuminate\Pipeline\{closure}(Object(Illuminate\Http\Request))
#21 D:\Projects During BMS\Money-Management-Application\backend\vendor\laravel\framework\src\Illuminate\Routing\Router.php(799): Illuminate\Pipeline\Pipeline->then(Object(Closure))
#22 D:\Projects During BMS\Money-Management-Application\backend\vendor\laravel\framework\src\Illuminate\Routing\Router.php(776): Illuminate\Routing\Router->runRouteWithinStack(Object(Illuminate\Routing\Route), Object(Illuminate\Http\Request))
#23 D:\Projects During BMS\Money-Management-Application\backend\vendor\laravel\framework\src\Illuminate\Routing\Router.php(740): Illuminate\Routing\Router->runRoute(Object(Illuminate\Http\Request), Object(Illuminate\Routing\Route))
#24 D:\Projects During BMS\Money-Management-Application\backend\vendor\laravel\framework\src\Illuminate\Routing\Router.php(729): Illuminate\Routing\Router->dispatchToRoute(Object(Illuminate\Http\Request))
#25 D:\Projects During BMS\Money-Management-Application\backend\vendor\laravel\framework\src\Illuminate\Foundation\Http\Kernel.php(190): Illuminate\Routing\Router->dispatch(Object(Illuminate\Http\Request))
#26 D:\Projects During BMS\Money-Management-Application\backend\vendor\laravel\framework\src\Illuminate\Pipeline\Pipeline.php(141): Illuminate\Foundation\Http\Kernel->Illuminate\Foundation\Http\{closure}(Object(Illuminate\Http\Request))
#27 D:\Projects During BMS\Money-Management-Application\backend\vendor\laravel\framework\src\Illuminate\Foundation\Http\Middleware\TransformsRequest.php(21): Illuminate\Pipeline\Pipeline->Illuminate\Pipeline\{closure}(Object(Illuminate\Http\Request))
#28 D:\Projects During BMS\Money-Management-Application\backend\vendor\laravel\framework\src\Illuminate\Foundation\Http\Middleware\ConvertEmptyStringsToNull.php(31): Illuminate\Foundation\Http\Middleware\TransformsRequest->handle(Object(Illuminate\Http\Request), Object(Closure))
#29 D:\Projects During BMS\Money-Management-Application\backend\vendor\laravel\framework\src\Illuminate\Pipeline\Pipeline.php(180): Illuminate\Foundation\Http\Middleware\ConvertEmptyStringsToNull->handle(Object(Illuminate\Http\Request), Object(Closure))
#30 D:\Projects During BMS\Money-Management-Application\backend\vendor\laravel\framework\src\Illuminate\Foundation\Http\Middleware\TransformsRequest.php(21): Illuminate\Pipeline\Pipeline->Illuminate\Pipeline\{closure}(Object(Illuminate\Http\Request))
#31 D:\Projects During BMS\Money-Management-Application\backend\vendor\laravel\framework\src\Illuminate\Foundation\Http\Middleware\TrimStrings.php(40): Illuminate\Foundation\Http\Middleware\TransformsRequest->handle(Object(Illuminate\Http\Request), Object(Closure))
#32 D:\Projects During BMS\Money-Management-Application\backend\vendor\laravel\framework\src\Illuminate\Pipeline\Pipeline.php(180): Illuminate\Foundation\Http\Middleware\TrimStrings->handle(Object(Illuminate\Http\Request), Object(Closure))
#33 D:\Projects During BMS\Money-Management-Application\backend\vendor\laravel\framework\src\Illuminate\Foundation\Http\Middleware\ValidatePostSize.php(27): Illuminate\Pipeline\Pipeline->Illuminate\Pipeline\{closure}(Object(Illuminate\Http\Request))
#34 D:\Projects During BMS\Money-Management-Application\backend\vendor\laravel\framework\src\Illuminate\Pipeline\Pipeline.php(180): Illuminate\Foundation\Http\Middleware\ValidatePostSize->handle(Object(Illuminate\Http\Request), Object(Closure))
#35 D:\Projects During BMS\Money-Management-Application\backend\vendor\laravel\framework\src\Illuminate\Foundation\Http\Middleware\PreventRequestsDuringMaintenance.php(86): Illuminate\Pipeline\Pipeline->Illuminate\Pipeline\{closure}(Object(Illuminate\Http\Request))
#36 D:\Projects During BMS\Money-Management-Application\backend\vendor\laravel\framework\src\Illuminate\Pipeline\Pipeline.php(180): Illuminate\Foundation\Http\Middleware\PreventRequestsDuringMaintenance->handle(Object(Illuminate\Http\Request), Object(Closure))
#37 D:\Projects During BMS\Money-Management-Application\backend\vendor\laravel\framework\src\Illuminate\Http\Middleware\HandleCors.php(62): Illuminate\Pipeline\Pipeline->Illuminate\Pipeline\{closure}(Object(Illuminate\Http\Request))
#38 D:\Projects During BMS\Money-Management-Application\backend\vendor\laravel\framework\src\Illuminate\Pipeline\Pipeline.php(180): Illuminate\Http\Middleware\HandleCors->handle(Object(Illuminate\Http\Request), Object(Closure))
#39 D:\Projects During BMS\Money-Management-Application\backend\vendor\laravel\framework\src\Illuminate\Http\Middleware\TrustProxies.php(39): Illuminate\Pipeline\Pipeline->Illuminate\Pipeline\{closure}(Object(Illuminate\Http\Request))
#40 D:\Projects During BMS\Money-Management-Application\backend\vendor\laravel\framework\src\Illuminate\Pipeline\Pipeline.php(180): Illuminate\Http\Middleware\TrustProxies->handle(Object(Illuminate\Http\Request), Object(Closure))
#41 D:\Projects During BMS\Money-Management-Application\backend\vendor\laravel\framework\src\Illuminate\Pipeline\Pipeline.php(116): Illuminate\Pipeline\Pipeline->Illuminate\Pipeline\{closure}(Object(Illuminate\Http\Request))
#42 D:\Projects During BMS\Money-Management-Application\backend\vendor\laravel\framework\src\Illuminate\Foundation\Http\Kernel.php(165): Illuminate\Pipeline\Pipeline->then(Object(Closure))
#43 D:\Projects During BMS\Money-Management-Application\backend\vendor\laravel\framework\src\Illuminate\Foundation\Http\Kernel.php(134): Illuminate\Foundation\Http\Kernel->sendRequestThroughRouter(Object(Illuminate\Http\Request))
#44 D:\Projects During BMS\Money-Management-Application\backend\public\index.php(52): Illuminate\Foundation\Http\Kernel->handle(Object(Illuminate\Http\Request))
#45 D:\Projects During BMS\Money-Management-Application\backend\vendor\laravel\framework\src\Illuminate\Foundation\resources\server.php(16): require_once('D:\\Projects Dur...')
#46 {main}  
